Mean app started on port 3000 (development)
[0mGET / [32m200 [0m31.460 ms - -[0m
[0mGET /loggedin [36m304 [0m11.099 ms - -[0m
[0mGET /system/views/header.html [36m304 [0m12.865 ms - -[0m
[0mGET /clients/views/new.html [36m304 [0m9.131 ms - -[0m
[0mGET /admin/menu/main [36m304 [0m3.160 ms - -[0m
Mean app started on port 3000 (development)
[0mGET / [36m304 [0m27.637 ms - -[0m
[0mGET /loggedin [36m304 [0m10.893 ms - -[0m
[0mGET /system/views/header.html [36m304 [0m13.558 ms - -[0m
[0mGET /clients/views/new.html [36m304 [0m9.104 ms - -[0m
[0mGET /admin/menu/main [36m304 [0m3.573 ms - -[0m
[0mGET / [36m304 [0m3.156 ms - -[0m
[0mGET /loggedin [36m304 [0m13.237 ms - -[0m
[0mGET /system/views/header.html [36m304 [0m15.734 ms - -[0m
[0mGET /clients/views/new.html [36m304 [0m13.306 ms - -[0m
[0mGET /admin/menu/main [36m304 [0m3.936 ms - -[0m
[0mGET / [36m304 [0m3.773 ms - -[0m
[0mGET /system/views/header.html [36m304 [0m9.845 ms - -[0m
[0mGET /loggedin [36m304 [0m9.468 ms - -[0m
[0mGET /clients/views/new.html [32m200 [0m12.614 ms - -[0m
[0mGET /admin/menu/main [36m304 [0m2.833 ms - -[0m
Mean app started on port 3000 (development)
[0mGET / [36m304 [0m28.837 ms - -[0m
[0mGET /system/views/header.html [36m304 [0m7.471 ms - -[0m
[0mGET /system/views/index.html [36m304 [0m6.015 ms - -[0m
[0mGET /admin/menu/main [36m304 [0m3.976 ms - -[0m
[0mGET / [36m304 [0m3.567 ms - -[0m
[0mGET / [36m304 [0m22.858 ms - -[0m
[0mGET /system/views/header.html [36m304 [0m4.872 ms - -[0m
[0mGET /system/views/index.html [36m304 [0m8.304 ms - -[0m
[0mGET /admin/menu/main [36m304 [0m4.452 ms - -[0m
[0mGET /loggedin [36m304 [0m5.291 ms - -[0m
[0mGET /clients/views/new.html [36m304 [0m5.007 ms - -[0m
[0mGET /loggedin [36m304 [0m3.551 ms - -[0m
[0mGET /clients/views/list.html [36m304 [0m3.537 ms - -[0m
[0mGET /clients [36m304 [0m8.791 ms - -[0m
[0mGET /loggedin [36m304 [0m2.898 ms - -[0m
[0mPOST /clients [32m200 [0m18.816 ms - 147[0m
[0mGET /loggedin [36m304 [0m5.034 ms - -[0m
[0mGET /clients [32m200 [0m3.864 ms - 440[0m
[0mGET /loggedin [36m304 [0m3.089 ms - -[0m
[0mGET /loggedin [36m304 [0m2.439 ms - -[0m
[0mGET /clients [36m304 [0m19.732 ms - -[0m
[0mGET /loggedin [36m304 [0m3.437 ms - -[0m
Mean app started on port 3000 (development)
[0mGET /users/views/login.html [36m304 [0m50.214 ms - -[0m
[0mGET /users/views/index.html [36m304 [0m51.716 ms - -[0m
[0mGET /loggedin [36m304 [0m49.583 ms - -[0m
[0mGET / [36m304 [0m288.077 ms - -[0m
[0mGET /users/assets/img/icons/google.png [32m- [0m- ms - -[0m
[0mGET /users/assets/img/icons/facebook.png [32m- [0m- ms - -[0m
[0mGET /users/assets/img/icons/linkedin.png [32m- [0m- ms - -[0m
[0mGET /users/assets/img/icons/github.png [36m304 [0m6.597 ms - -[0m
[0mGET /users/assets/img/icons/twitter.png [36m304 [0m7.233 ms - -[0m
[0mGET /system/views/header.html [36m304 [0m6.225 ms - -[0m
[0mGET /system/views/index.html [36m304 [0m5.539 ms - -[0m
[0mGET /admin/menu/main [36m304 [0m2.899 ms - -[0m
[0mGET /loggedin [36m304 [0m3.501 ms - -[0m
[0mGET /users/views/index.html [36m304 [0m5.023 ms - -[0m
[0mGET /users/views/login.html [36m304 [0m3.398 ms - -[0m
[0mGET /users/assets/img/icons/facebook.png [32m200 [0m19.205 ms - 8825[0m
[0mGET /users/assets/img/icons/github.png [32m200 [0m18.895 ms - 10410[0m
[0mGET /users/assets/img/icons/linkedin.png [32m200 [0m18.623 ms - 7505[0m
[0mGET /users/assets/img/icons/twitter.png [32m200 [0m18.327 ms - 8340[0m
[0mGET /users/assets/img/icons/google.png [32m200 [0m18.657 ms - 7968[0m
[0mPOST /login [32m200 [0m264.667 ms - 335[0m
[0mGET /admin/menu/main [32m200 [0m32.733 ms - 165[0m
[0mGET /loggedin [32m200 [0m2.521 ms - 166[0m
[0mGET /clients/views/list.html [36m304 [0m2.537 ms - -[0m
[0mGET /clients [36m304 [0m62.718 ms - -[0m
[0mGET /loggedin [36m304 [0m6.039 ms - -[0m
[0mGET /clients/views/new.html [36m304 [0m4.216 ms - -[0m
[0mGET /loggedin [36m304 [0m6.352 ms - -[0m
[0mGET /clients [36m304 [0m7.788 ms - -[0m
[0mGET /loggedin [36m304 [0m3.069 ms - -[0m
[0mGET /loggedin [36m304 [0m3.477 ms - -[0m
[0mGET /clients [36m304 [0m8.186 ms - -[0m
[0mGET /loggedin [36m304 [0m3.143 ms - -[0m
[0mGET /loggedin [36m304 [0m3.271 ms - -[0m
[0mGET /clients [36m304 [0m6.349 ms - -[0m
[0mGET /loggedin [36m304 [0m3.157 ms - -[0m
[0mGET /clients/views/view.html [36m304 [0m2.604 ms - -[0m
[0mGET /clients [36m304 [0m6.267 ms - -[0m
[0mGET /clients/540824f1c8714c8a4d2a35f0 [36m304 [0m28.163 ms - -[0m
[0mPUT /clients/540824f1c8714c8a4d2a35f0 [32m200 [0m89.692 ms - -[0m
[0mGET /loggedin [36m304 [0m3.093 ms - -[0m
[0mGET /clients [32m200 [0m12.923 ms - -[0m
[0mGET /loggedin [36m304 [0m3.731 ms - -[0m
[0mGET /clients/540824f1c8714c8a4d2a35f0 [32m200 [0m18.365 ms - -[0m
[0mGET /clients [36m304 [0m16.692 ms - -[0m
[0mGET / [32m200 [0m5.723 ms - -[0m
[0mGET /loggedin [36m304 [0m3.964 ms - -[0m
[0mGET /clients/views/view.html [36m304 [0m3.901 ms - -[0m
[0mGET /system/views/header.html [36m304 [0m2.234 ms - -[0m
[0mGET /clients/540824f1c8714c8a4d2a35f0 [36m304 [0m6.526 ms - -[0m
[0mGET /clients [36m304 [0m11.596 ms - -[0m
[0mGET /admin/menu/main [36m304 [0m3.743 ms - -[0m
